<?xml version="1.0" encoding="UTF-8"?>
<testsuite xmlns:xsi="http://www.w3.org/2001/XMLSchema-instance" xsi:noNamespaceSchemaLocation="https://maven.apache.org/surefire/maven-surefire-plugin/xsd/surefire-test-report-3.0.xsd" version="3.0" name="edu.uob.ExampleDBTests" time="0.122" tests="4" errors="0" skipped="0" failures="0">
  <properties>
    <property name="java.specification.version" value="23"/>
    <property name="sun.cpu.isalist" value="amd64"/>
    <property name="sun.jnu.encoding" value="GBK"/>
    <property name="java.class.path" value="C:\Users\zineng\Desktop\assignment\DB\cw-db\target\test-classes;C:\Users\zineng\Desktop\assignment\DB\cw-db\target\classes;C:\Users\zineng\.m2\repository\org\junit\jupiter\junit-jupiter\5.8.2\junit-jupiter-5.8.2.jar;C:\Users\zineng\.m2\repository\org\junit\jupiter\junit-jupiter-api\5.8.2\junit-jupiter-api-5.8.2.jar;C:\Users\zineng\.m2\repository\org\opentest4j\opentest4j\1.2.0\opentest4j-1.2.0.jar;C:\Users\zineng\.m2\repository\org\junit\platform\junit-platform-commons\1.8.2\junit-platform-commons-1.8.2.jar;C:\Users\zineng\.m2\repository\org\apiguardian\apiguardian-api\1.1.2\apiguardian-api-1.1.2.jar;C:\Users\zineng\.m2\repository\org\junit\jupiter\junit-jupiter-params\5.8.2\junit-jupiter-params-5.8.2.jar;C:\Users\zineng\.m2\repository\org\junit\jupiter\junit-jupiter-engine\5.8.2\junit-jupiter-engine-5.8.2.jar;C:\Users\zineng\.m2\repository\org\junit\platform\junit-platform-engine\1.8.2\junit-platform-engine-1.8.2.jar;C:\Users\zineng\.m2\repository\org\junit\platform\junit-platform-suite\1.8.2\junit-platform-suite-1.8.2.jar;C:\Users\zineng\.m2\repository\org\junit\platform\junit-platform-suite-api\1.8.2\junit-platform-suite-api-1.8.2.jar;C:\Users\zineng\.m2\repository\org\junit\platform\junit-platform-suite-engine\1.8.2\junit-platform-suite-engine-1.8.2.jar;C:\Users\zineng\.m2\repository\org\junit\platform\junit-platform-suite-commons\1.8.2\junit-platform-suite-commons-1.8.2.jar;C:\Users\zineng\.m2\repository\org\junit\platform\junit-platform-launcher\1.8.2\junit-platform-launcher-1.8.2.jar;"/>
    <property name="java.vm.vendor" value="Oracle Corporation"/>
    <property name="sun.arch.data.model" value="64"/>
    <property name="user.variant" value=""/>
    <property name="java.vendor.url" value="https://java.oracle.com/"/>
    <property name="user.timezone" value="Europe/London"/>
    <property name="os.name" value="Windows 11"/>
    <property name="java.vm.specification.version" value="23"/>
    <property name="sun.java.launcher" value="SUN_STANDARD"/>
    <property name="user.country" value="CN"/>
    <property name="sun.boot.library.path" value="C:\Program Files\Java\jdk-23\bin"/>
    <property name="sun.java.command" value="C:\Users\zineng\AppData\Local\Temp\surefire8027253736898320224\surefirebooter13589744118396077396.jar C:\Users\zineng\AppData\Local\Temp\surefire8027253736898320224 2025-03-14T12-02-37_667-jvmRun1 surefire6555285048304518233tmp surefire_016312047650761646419tmp"/>
    <property name="jdk.debug" value="release"/>
    <property name="test" value="edu.uob.ExampleDBTests"/>
    <property name="surefire.test.class.path" value="C:\Users\zineng\Desktop\assignment\DB\cw-db\target\test-classes;C:\Users\zineng\Desktop\assignment\DB\cw-db\target\classes;C:\Users\zineng\.m2\repository\org\junit\jupiter\junit-jupiter\5.8.2\junit-jupiter-5.8.2.jar;C:\Users\zineng\.m2\repository\org\junit\jupiter\junit-jupiter-api\5.8.2\junit-jupiter-api-5.8.2.jar;C:\Users\zineng\.m2\repository\org\opentest4j\opentest4j\1.2.0\opentest4j-1.2.0.jar;C:\Users\zineng\.m2\repository\org\junit\platform\junit-platform-commons\1.8.2\junit-platform-commons-1.8.2.jar;C:\Users\zineng\.m2\repository\org\apiguardian\apiguardian-api\1.1.2\apiguardian-api-1.1.2.jar;C:\Users\zineng\.m2\repository\org\junit\jupiter\junit-jupiter-params\5.8.2\junit-jupiter-params-5.8.2.jar;C:\Users\zineng\.m2\repository\org\junit\jupiter\junit-jupiter-engine\5.8.2\junit-jupiter-engine-5.8.2.jar;C:\Users\zineng\.m2\repository\org\junit\platform\junit-platform-engine\1.8.2\junit-platform-engine-1.8.2.jar;C:\Users\zineng\.m2\repository\org\junit\platform\junit-platform-suite\1.8.2\junit-platform-suite-1.8.2.jar;C:\Users\zineng\.m2\repository\org\junit\platform\junit-platform-suite-api\1.8.2\junit-platform-suite-api-1.8.2.jar;C:\Users\zineng\.m2\repository\org\junit\platform\junit-platform-suite-engine\1.8.2\junit-platform-suite-engine-1.8.2.jar;C:\Users\zineng\.m2\repository\org\junit\platform\junit-platform-suite-commons\1.8.2\junit-platform-suite-commons-1.8.2.jar;C:\Users\zineng\.m2\repository\org\junit\platform\junit-platform-launcher\1.8.2\junit-platform-launcher-1.8.2.jar;"/>
    <property name="sun.cpu.endian" value="little"/>
    <property name="user.home" value="C:\Users\zineng"/>
    <property name="user.language" value="zh"/>
    <property name="java.specification.vendor" value="Oracle Corporation"/>
    <property name="java.version.date" value="2024-10-15"/>
    <property name="java.home" value="C:\Program Files\Java\jdk-23"/>
    <property name="file.separator" value="\"/>
    <property name="basedir" value="C:\Users\zineng\Desktop\assignment\DB\cw-db"/>
    <property name="java.vm.compressedOopsMode" value="Zero based"/>
    <property name="line.separator" value="&#10;"/>
    <property name="java.vm.specification.vendor" value="Oracle Corporation"/>
    <property name="java.specification.name" value="Java Platform API Specification"/>
    <property name="surefire.real.class.path" value="C:\Users\zineng\AppData\Local\Temp\surefire8027253736898320224\surefirebooter13589744118396077396.jar"/>
    <property name="user.script" value=""/>
    <property name="sun.management.compiler" value="HotSpot 64-Bit Tiered Compilers"/>
    <property name="java.runtime.version" value="23.0.1+11-39"/>
    <property name="user.name" value="zineng"/>
    <property name="stdout.encoding" value="GBK"/>
    <property name="path.separator" value=";"/>
    <property name="os.version" value="10.0"/>
    <property name="java.runtime.name" value="Java(TM) SE Runtime Environment"/>
    <property name="file.encoding" value="UTF-8"/>
    <property name="java.vm.name" value="Java HotSpot(TM) 64-Bit Server VM"/>
    <property name="localRepository" value="C:\Users\zineng\.m2\repository"/>
    <property name="java.vendor.url.bug" value="https://bugreport.java.com/bugreport/"/>
    <property name="java.io.tmpdir" value="C:\Users\zineng\AppData\Local\Temp\"/>
    <property name="java.version" value="23.0.1"/>
    <property name="user.dir" value="C:\Users\zineng\Desktop\assignment\DB\cw-db"/>
    <property name="os.arch" value="amd64"/>
    <property name="java.vm.specification.name" value="Java Virtual Machine Specification"/>
    <property name="sun.os.patch.level" value=""/>
    <property name="native.encoding" value="GBK"/>
    <property name="java.library.path" value="C:\Program Files\Java\jdk-23\bin;C:\Windows\Sun\Java\bin;C:\Windows\system32;C:\Windows;C:\Program Files\Common Files\Oracle\Java\javapath;C:\Program Files (x86)\Common Files\Oracle\Java\java8path;C:\Program Files (x86)\Common Files\Oracle\Java\javapath;C:\Windows\system32;C:\Windows;C:\Windows\System32\Wbem;C:\Windows\System32\WindowsPowerShell\v1.0\;C:\Windows\System32\OpenSSH\;C:\msys64\mingw64\bin;C:\Program Files\Vagrant\bin;C:\Program Files\Java\jdk-23\bin;C:\Program Files\Git\cmd;D:\apache-maven-3.9.9-bin\apache-maven-3.9.9\bin;C:\sqlite3;C:\Users\zineng\AppData\Local\Programs\Python\Launcher\;C:\Users\zineng\AppData\Local\Microsoft\WindowsApps;C:\Users\zineng\AppData\Local\Programs\Microsoft VS Code\bin;C:\msys64\ucrt64\bin;C:\msys64\mingw64\bin;;."/>
    <property name="java.vm.info" value="mixed mode, sharing"/>
    <property name="stderr.encoding" value="GBK"/>
    <property name="java.vendor" value="Oracle Corporation"/>
    <property name="java.vm.version" value="23.0.1+11-39"/>
    <property name="sun.io.unicode.encoding" value="UnicodeLittle"/>
    <property name="java.class.version" value="67.0"/>
  </properties>
  <testcase name="testQueryID" classname="edu.uob.ExampleDBTests" time="0.067"/>
  <testcase name="testBasicCreateAndQuery" classname="edu.uob.ExampleDBTests" time="0.014"/>
  <testcase name="testTablePersistsAfterRestart" classname="edu.uob.ExampleDBTests" time="0.01"/>
  <testcase name="testForErrorTag" classname="edu.uob.ExampleDBTests" time="0.01"/>
</testsuite>